{"numTotalTestSuites":2,"numPassedTestSuites":2,"numFailedTestSuites":0,"numPendingTestSuites":0,"numTotalTests":123,"numPassedTests":108,"numFailedTests":15,"numPendingTests":0,"numTodoTests":0,"startTime":1779474688144,"success":false,"testResults":[{"assertionResults":[{"ancestorTitles":["","UI Consistency: Semantic Color Check"],"fullName":" UI Consistency: Semantic Color Check should not have hardcoded colors in src\\App.deeplink.test.tsx","status":"passed","title":"should not have hardcoded colors in src\\App.deeplink.test.tsx","duration":0,"failureMessages":[]},{"ancestorTitles":["","UI Consistency: Semantic Color Check"],"fullName":" UI Consistency: Semantic Color Check should not have hardcoded colors in src\\App.tsx","status":"passed","title":"should not have hardcoded colors in src\\App.tsx","duration":1,"failureMessages":[]},{"ancestorTitles":["","UI Consistency: Semantic Color Check"],"fullName":" UI Consistency: Semantic Color Check should not have hardcoded colors in src\\components\\analysis\\inspector\\InspectorContainer.tsx","status":"passed","title":"should not have hardcoded colors in src\\components\\analysis\\inspector\\InspectorContainer.tsx","duration":0,"failureMessages":[]},{"ancestorTitles":["","UI Consistency: Semantic Color Check"],"fullName":" UI Consistency: Semantic Color Check should not have hardcoded colors in src\\components\\analysis\\inspector\\inspectors\\DatabaseInspector.tsx","status":"passed","title":"should not have hardcoded colors in src\\components\\analysis\\inspector\\inspectors\\DatabaseInspector.tsx","duration":0,"failureMessages":[]},{"ancestorTitles":["","UI Consistency: Semantic Color Check"],"fullName":" UI Consistency: Semantic Color Check should not have hardcoded colors in src\\components\\analysis\\inspector\\inspectors\\ImageInspector.tsx","status":"passed","title":"should not have hardcoded colors in src\\components\\analysis\\inspector\\inspectors\\ImageInspector.tsx","duration":0,"failureMessages":[]},{"ancestorTitles":["","UI Consistency: Semantic Color Check"],"fullName":" UI Consistency: Semantic Color Check should not have hardcoded colors in src\\components\\analysis\\inspector\\inspectors\\TimeInspector.tsx","status":"passed","title":"should not have hardcoded colors in src\\components\\analysis\\inspector\\inspectors\\TimeInspector.tsx","duration":0,"failureMessages":[]},{"ancestorTitles":["","UI Consistency: Semantic Color Check"],"fullName":" UI Consistency: Semantic Color Check should not have hardcoded colors in src\\components\\analysis\\inspector\\inspectors\\WeightsInspector.tsx","status":"passed","title":"should not have hardcoded colors in src\\components\\analysis\\inspector\\inspectors\\WeightsInspector.tsx","duration":1,"failureMessages":[]},{"ancestorTitles":["","UI Consistency: Semantic Color Check"],"fullName":" UI Consistency: Semantic Color Check should not have hardcoded colors in src\\components\\analysis\\inspector\\shared\\InspectorCommon.tsx","status":"passed","title":"should not have hardcoded colors in src\\components\\analysis\\inspector\\shared\\InspectorCommon.tsx","duration":0,"failureMessages":[]},{"ancestorTitles":["","UI Consistency: Semantic Color Check"],"fullName":" UI Consistency: Semantic Color Check should not have hardcoded colors in src\\components\\analysis\\InspectorShared.tsx","status":"passed","title":"should not have hardcoded colors in src\\components\\analysis\\InspectorShared.tsx","duration":0,"failureMessages":[]},{"ancestorTitles":["","UI Consistency: Semantic Color Check"],"fullName":" UI Consistency: Semantic Color Check should not have hardcoded colors in src\\components\\analysis\\MetaFriendlyView.tsx","status":"passed","title":"should not have hardcoded colors in src\\components\\analysis\\MetaFriendlyView.tsx","duration":0,"failureMessages":[]},{"ancestorTitles":["","UI Consistency: Semantic Color Check"],"fullName":" UI Consistency: Semantic Color Check should not have hardcoded colors in src\\components\\analysis\\SystemDataInspector.tsx","status":"passed","title":"should not have hardcoded colors in src\\components\\analysis\\SystemDataInspector.tsx","duration":0,"failureMessages":[]},{"ancestorTitles":["","UI Consistency: Semantic Color Check"],"fullName":" UI Consistency: Semantic Color Check should not have hardcoded colors in src\\components\\dashboard\\Dashboard.tsx","status":"passed","title":"should not have hardcoded colors in src\\components\\dashboard\\Dashboard.tsx","duration":0,"failureMessages":[]},{"ancestorTitles":["","UI Consistency: Semantic Color Check"],"fullName":" UI Consistency: Semantic Color Check should not have hardcoded colors in src\\components\\dashboard\\HistoryList.tsx","status":"passed","title":"should not have hardcoded colors in src\\components\\dashboard\\HistoryList.tsx","duration":0,"failureMessages":[]},{"ancestorTitles":["","UI Consistency: Semantic Color Check"],"fullName":" UI Consistency: Semantic Color Check should not have hardcoded colors in src\\components\\dashboard\\modals\\CloudLibraryModal.tsx","status":"passed","title":"should not have hardcoded colors in src\\components\\dashboard\\modals\\CloudLibraryModal.tsx","duration":1,"failureMessages":[]},{"ancestorTitles":["","UI Consistency: Semantic Color Check"],"fullName":" UI Consistency: Semantic Color Check should not have hardcoded colors in src\\components\\dashboard\\modals\\CloudManagerModal.tsx","status":"passed","title":"should not have hardcoded colors in src\\components\\dashboard\\modals\\CloudManagerModal.tsx","duration":0,"failureMessages":[]},{"ancestorTitles":["","UI Consistency: Semantic Color Check"],"fullName":" UI Consistency: Semantic Color Check should not have hardcoded colors in src\\components\\dashboard\\modals\\DataManagerModal.tsx","status":"passed","title":"should not have hardcoded colors in src\\components\\dashboard\\modals\\DataManagerModal.tsx","duration":0,"failureMessages":[]},{"ancestorTitles":["","UI Consistency: Semantic Color Check"],"fullName":" UI Consistency: Semantic Color Check should not have hardcoded colors in src\\components\\dashboard\\modals\\GameSetupModal.tsx","status":"passed","title":"should not have hardcoded colors in src\\components\\dashboard\\modals\\GameSetupModal.tsx","duration":0,"failureMessages":[]},{"ancestorTitles":["","UI Consistency: Semantic Color Check"],"fullName":" UI Consistency: Semantic Color Check should not have hardcoded colors in src\\components\\dashboard\\modals\\SearchTemplateOnlineModal.tsx","status":"failed","title":"should not have hardcoded colors in src\\components\\dashboard\\modals\\SearchTemplateOnlineModal.tsx","duration":4,"failureMessages":["Found 3 hardcoded color(s) in src\\components\\dashboard\\modals\\SearchTemplateOnlineModal.tsx:\nLine 115: <div className=\"bg-red-500/5 border border-dashed border-red-500/20 rounded-xl p-5 mb-4 flex flex-col items-center justify-center text-center gap-2\"> (Found: bg-red-500, border-red-500)\nLine 117: <span className=\"text-xs font-bold text-red-500\"> (Found: text-red-500)\nLine 218: <span className=\"inline-flex items-center bg-green-500/10 text-green-500 border border-green-500/20 px-1 py-0.25 rounded text-[8px] font-black shrink-0\"> (Found: bg-green-500, text-green-500, border-green-500): expected 3 to be +0 // Object.is equality"],"location":{"line":76,"column":52}},{"ancestorTitles":["","UI Consistency: Semantic Color Check"],"fullName":" UI Consistency: Semantic Color Check should not have hardcoded colors in src\\components\\dashboard\\modals\\ShareTemplateModal.tsx","status":"passed","title":"should not have hardcoded colors in src\\components\\dashboard\\modals\\ShareTemplateModal.tsx","duration":0,"failureMessages":[]},{"ancestorTitles":["","UI Consistency: Semantic Color Check"],"fullName":" UI Consistency: Semantic Color Check should not have hardcoded colors in src\\components\\dashboard\\modals\\SyncDashboard.tsx","status":"passed","title":"should not have hardcoded colors in src\\components\\dashboard\\modals\\SyncDashboard.tsx","duration":0,"failureMessages":[]},{"ancestorTitles":["","UI Consistency: Semantic Color Check"],"fullName":" UI Consistency: Semantic Color Check should not have hardcoded colors in src\\components\\dashboard\\parts\\DashboardFAB.tsx","status":"passed","title":"should not have hardcoded colors in src\\components\\dashboard\\parts\\DashboardFAB.tsx","duration":1,"failureMessages":[]},{"ancestorTitles":["","UI Consistency: Semantic Color Check"],"fullName":" UI Consistency: Semantic Color Check should not have hardcoded colors in src\\components\\dashboard\\parts\\DashboardHeader.tsx","status":"passed","title":"should not have hardcoded colors in src\\components\\dashboard\\parts\\DashboardHeader.tsx","duration":0,"failureMessages":[]},{"ancestorTitles":["","UI Consistency: Semantic Color Check"],"fullName":" UI Consistency: Semantic Color Check should not have hardcoded colors in src\\components\\dashboard\\parts\\DashboardModals.tsx","status":"passed","title":"should not have hardcoded colors in src\\components\\dashboard\\parts\\DashboardModals.tsx","duration":0,"failureMessages":[]},{"ancestorTitles":["","UI Consistency: Semantic Color Check"],"fullName":" UI Consistency: Semantic Color Check should not have hardcoded colors in src\\components\\dashboard\\parts\\DashboardSection.tsx","status":"passed","title":"should not have hardcoded colors in src\\components\\dashboard\\parts\\DashboardSection.tsx","duration":0,"failureMessages":[]},{"ancestorTitles":["","UI Consistency: Semantic Color Check"],"fullName":" UI Consistency: Semantic Color Check should not have hardcoded colors in src\\components\\dashboard\\parts\\GameCard.tsx","status":"passed","title":"should not have hardcoded colors in src\\components\\dashboard\\parts\\GameCard.tsx","duration":0,"failureMessages":[]},{"ancestorTitles":["","UI Consistency: Semantic Color Check"],"fullName":" UI Consistency: Semantic Color Check should not have hardcoded colors in src\\components\\dashboard\\parts\\HistoryCard.tsx","status":"passed","title":"should not have hardcoded colors in src\\components\\dashboard\\parts\\HistoryCard.tsx","duration":0,"failureMessages":[]},{"ancestorTitles":["","UI Consistency: Semantic Color Check"],"fullName":" UI Consistency: Semantic Color Check should not have hardcoded colors in src\\components\\dashboard\\parts\\PullActionIsland.tsx","status":"failed","title":"should not have hardcoded colors in src\\components\\dashboard\\parts\\PullActionIsland.tsx","duration":1,"failureMessages":["Found 2 hardcoded color(s) in src\\components\\dashboard\\parts\\PullActionIsland.tsx:\nLine 86: ${isCloudActive ? 'border-status-info bg-status-info/20 shadow-[0_0_15px_rgba(var(--c-status-info)/0.5)]' : (Found: rgba(var(--c-status-info)/0.5))\nLine 87: isSearchActive ? 'border-brand-primary bg-brand-primary/20 shadow-[0_0_15px_rgba(var(--c-brand-primary)/0.5)]' : (Found: rgba(var(--c-brand-primary)/0.5)): expected 2 to be +0 // Object.is equality"],"location":{"line":76,"column":52}},{"ancestorTitles":["","UI Consistency: Semantic Color Check"],"fullName":" UI Consistency: Semantic Color Check should not have hardcoded colors in src\\components\\dashboard\\parts\\SearchEmptyState.tsx","status":"passed","title":"should not have hardcoded colors in src\\components\\dashboard\\parts\\SearchEmptyState.tsx","duration":0,"failureMessages":[]},{"ancestorTitles":["","UI Consistency: Semantic Color Check"],"fullName":" UI Consistency: Semantic Color Check should not have hardcoded colors in src\\components\\dashboard\\views\\HistoryView.tsx","status":"passed","title":"should not have hardcoded colors in src\\components\\dashboard\\views\\HistoryView.tsx","duration":0,"failureMessages":[]},{"ancestorTitles":["","UI Consistency: Semantic Color Check"],"fullName":" UI Consistency: Semantic Color Check should not have hardcoded colors in src\\components\\dashboard\\views\\LibraryView.tsx","status":"passed","title":"should not have hardcoded colors in src\\components\\dashboard\\views\\LibraryView.tsx","duration":0,"failureMessages":[]},{"ancestorTitles":["","UI Consistency: Semantic Color Check"],"fullName":" UI Consistency: Semantic Color Check should not have hardcoded colors in src\\components\\editor\\GridPhase.tsx","status":"passed","title":"should not have hardcoded colors in src\\components\\editor\\GridPhase.tsx","duration":0,"failureMessages":[]},{"ancestorTitles":["","UI Consistency: Semantic Color Check"],"fullName":" UI Consistency: Semantic Color Check should not have hardcoded colors in src\\components\\editor\\ImportTemplateModal.tsx","status":"passed","title":"should not have hardcoded colors in src\\components\\editor\\ImportTemplateModal.tsx","duration":0,"failureMessages":[]},{"ancestorTitles":["","UI Consistency: Semantic Color Check"],"fullName":" UI Consistency: Semantic Color Check should not have hardcoded colors in src\\components\\editor\\MappingDrawer.tsx","status":"passed","title":"should not have hardcoded colors in src\\components\\editor\\MappingDrawer.tsx","duration":0,"failureMessages":[]},{"ancestorTitles":["","UI Consistency: Semantic Color Check"],"fullName":" UI Consistency: Semantic Color Check should not have hardcoded colors in src\\components\\editor\\StructurePhase.tsx","status":"failed","title":"should not have hardcoded colors in src\\components\\editor\\StructurePhase.tsx","duration":1,"failureMessages":["Found 4 hardcoded color(s) in src\\components\\editor\\StructurePhase.tsx:\nLine 37: const maskClass = \"absolute bg-[rgba(var(--c-black)/0.5)] pointer-events-none z-0\"; (Found: rgba(var(--c-black)/0.5))\nLine 97: className=\"absolute top-0 bg-[rgba(var(--c-black)/0.6)] flex items-center justify-center\" (Found: rgba(var(--c-black)/0.6))\nLine 104: <span className=\"text-white/70 font-bold tracking-widest uppercase origin-center bg-[rgba(var(--c-black)/0.5)] px-2 rounded\" style={inverseScaleStyle}>{t('mapper_player_name')}</span> (Found: rgba(var(--c-black)/0.5))\nLine 169: <span className=\"font-bold text-txt-primary truncate\" style={{ textShadow: '0 1px 1px rgba(var(--c-white) / 0.5)' }}>{sourceCol.name}</span> (Found: rgba(var(--c-white) / 0.5)): expected 4 to be +0 // Object.is equality"],"location":{"line":76,"column":52}},{"ancestorTitles":["","UI Consistency: Semantic Color Check"],"fullName":" UI Consistency: Semantic Color Check should not have hardcoded colors in src\\components\\editor\\TemplateEditor.tsx","status":"passed","title":"should not have hardcoded colors in src\\components\\editor\\TemplateEditor.tsx","duration":0,"failureMessages":[]},{"ancestorTitles":["","UI Consistency: Semantic Color Check"],"fullName":" UI Consistency: Semantic Color Check should not have hardcoded colors in src\\components\\editor\\TextureMapper.tsx","status":"passed","title":"should not have hardcoded colors in src\\components\\editor\\TextureMapper.tsx","duration":0,"failureMessages":[]},{"ancestorTitles":["","UI Consistency: Semantic Color Check"],"fullName":" UI Consistency: Semantic Color Check should not have hardcoded colors in src\\components\\editor\\TextureMapperContext.tsx","status":"passed","title":"should not have hardcoded colors in src\\components\\editor\\TextureMapperContext.tsx","duration":0,"failureMessages":[]},{"ancestorTitles":["","UI Consistency: Semantic Color Check"],"fullName":" UI Consistency: Semantic Color Check should not have hardcoded colors in src\\components\\history\\HistoryReviewView.tsx","status":"failed","title":"should not have hardcoded colors in src\\components\\history\\HistoryReviewView.tsx","duration":1,"failureMessages":["Found 1 hardcoded color(s) in src\\components\\history\\HistoryReviewView.tsx:\nLine 420: className={`fixed left-0 right-0 z-40 bg-modal-bg backdrop-blur-sm border-t border-surface-border shadow-[0_-8px_30px_rgba(var(--c-black)/0.2)] transition-all duration-300 ease-in-out flex flex-col overflow-hidden ${isToolboxOpen ? 'translate-y-0' : 'translate-y-full'}`} (Found: rgba(var(--c-black)/0.2)): expected 1 to be +0 // Object.is equality"],"location":{"line":76,"column":52}},{"ancestorTitles":["","UI Consistency: Semantic Color Check"],"fullName":" UI Consistency: Semantic Color Check should not have hardcoded colors in src\\components\\history\\modals\\HistorySettingsModal.tsx","status":"passed","title":"should not have hardcoded colors in src\\components\\history\\modals\\HistorySettingsModal.tsx","duration":0,"failureMessages":[]},{"ancestorTitles":["","UI Consistency: Semantic Color Check"],"fullName":" UI Consistency: Semantic Color Check should not have hardcoded colors in src\\components\\modals\\InAppBrowserGuide.tsx","status":"passed","title":"should not have hardcoded colors in src\\components\\modals\\InAppBrowserGuide.tsx","duration":0,"failureMessages":[]},{"ancestorTitles":["","UI Consistency: Semantic Color Check"],"fullName":" UI Consistency: Semantic Color Check should not have hardcoded colors in src\\components\\modals\\InstallGuideModal.tsx","status":"passed","title":"should not have hardcoded colors in src\\components\\modals\\InstallGuideModal.tsx","duration":0,"failureMessages":[]},{"ancestorTitles":["","UI Consistency: Semantic Color Check"],"fullName":" UI Consistency: Semantic Color Check should not have hardcoded colors in src\\components\\modals\\IOSPwaGuide.test.tsx","status":"passed","title":"should not have hardcoded colors in src\\components\\modals\\IOSPwaGuide.test.tsx","duration":0,"failureMessages":[]},{"ancestorTitles":["","UI Consistency: Semantic Color Check"],"fullName":" UI Consistency: Semantic Color Check should not have hardcoded colors in src\\components\\modals\\IOSPwaGuide.tsx","status":"passed","title":"should not have hardcoded colors in src\\components\\modals\\IOSPwaGuide.tsx","duration":0,"failureMessages":[]},{"ancestorTitles":["","UI Consistency: Semantic Color Check"],"fullName":" UI Consistency: Semantic Color Check should not have hardcoded colors in src\\components\\scanner\\CameraView.tsx","status":"passed","title":"should not have hardcoded colors in src\\components\\scanner\\CameraView.tsx","duration":0,"failureMessages":[]},{"ancestorTitles":["","UI Consistency: Semantic Color Check"],"fullName":" UI Consistency: Semantic Color Check should not have hardcoded colors in src\\components\\scanner\\Magnifier.tsx","status":"passed","title":"should not have hardcoded colors in src\\components\\scanner\\Magnifier.tsx","duration":0,"failureMessages":[]},{"ancestorTitles":["","UI Consistency: Semantic Color Check"],"fullName":" UI Consistency: Semantic Color Check should not have hardcoded colors in src\\components\\scanner\\PhotoScanner.tsx","status":"passed","title":"should not have hardcoded colors in src\\components\\scanner\\PhotoScanner.tsx","duration":0,"failureMessages":[]},{"ancestorTitles":["","UI Consistency: Semantic Color Check"],"fullName":" UI Consistency: Semantic Color Check should not have hardcoded colors in src\\components\\scanner\\ScannerControls.tsx","status":"passed","title":"should not have hardcoded colors in src\\components\\scanner\\ScannerControls.tsx","duration":0,"failureMessages":[]},{"ancestorTitles":["","UI Consistency: Semantic Color Check"],"fullName":" UI Consistency: Semantic Color Check should not have hardcoded colors in src\\components\\scanner\\ScannerOverlay.tsx","status":"failed","title":"should not have hardcoded colors in src\\components\\scanner\\ScannerOverlay.tsx","duration":0,"failureMessages":["Found 2 hardcoded color(s) in src\\components\\scanner\\ScannerOverlay.tsx:\nLine 50: fill=\"rgba(var(--c-status-info) / 0.2)\" (Found: rgba(var(--c-status-info) / 0.2))\nLine 101: <div className={`w-5 h-5 rounded-full border-[3px] shadow-[0_0_2px_rgba(var(--c-black)/0.8)] transition-transform ${activePointIdx === i ? 'border-status-info scale-125' : 'border-status-info/80'}`}></div> (Found: rgba(var(--c-black)/0.8)): expected 2 to be +0 // Object.is equality"],"location":{"line":76,"column":52}},{"ancestorTitles":["","UI Consistency: Semantic Color Check"],"fullName":" UI Consistency: Semantic Color Check should not have hardcoded colors in src\\components\\scanner\\ScannerSourceSelector.tsx","status":"passed","title":"should not have hardcoded colors in src\\components\\scanner\\ScannerSourceSelector.tsx","duration":0,"failureMessages":[]},{"ancestorTitles":["","UI Consistency: Semantic Color Check"],"fullName":" UI Consistency: Semantic Color Check should not have hardcoded colors in src\\components\\scanner\\ScanPreview.tsx","status":"failed","title":"should not have hardcoded colors in src\\components\\scanner\\ScanPreview.tsx","duration":1,"failureMessages":["Found 4 hardcoded color(s) in src\\components\\scanner\\ScanPreview.tsx:\nLine 76: boxShadow: '0 0 2px rgba(var(--c-black) / 0.3)', (Found: rgba(var(--c-black) / 0.3))\nLine 111: <div style={rectToStyle(visuals.playerHeaderRect, isFirst ? 'rgb(var(--c-yellow-400))' : 'rgba(var(--c-yellow-400) / 0.5)', xOffset, opacity)} /> (Found: rgba(var(--c-yellow-400) / 0.5))\nLine 114: <div style={rectToStyle(visuals.totalRowRect, isFirst ? 'rgb(var(--c-yellow-400))' : 'rgba(var(--c-yellow-400) / 0.5)', xOffset, opacity)} /> (Found: rgba(var(--c-yellow-400) / 0.5))\nLine 122: style={rectToStyle(col.visuals?.cellRect, isFirst ? 'rgb(var(--c-emerald-400))' : 'rgba(var(--c-emerald-400) / 0.5)', xOffset, opacity)} (Found: rgba(var(--c-emerald-400) / 0.5)): expected 4 to be +0 // Object.is equality"],"location":{"line":76,"column":52}},{"ancestorTitles":["","UI Consistency: Semantic Color Check"],"fullName":" UI Consistency: Semantic Color Check should not have hardcoded colors in src\\components\\session\\modals\\AddColumnModal.tsx","status":"passed","title":"should not have hardcoded colors in src\\components\\session\\modals\\AddColumnModal.tsx","duration":0,"failureMessages":[]},{"ancestorTitles":["","UI Consistency: Semantic Color Check"],"fullName":" UI Consistency: Semantic Color Check should not have hardcoded colors in src\\components\\session\\modals\\PhotoGalleryModal.tsx","status":"passed","title":"should not have hardcoded colors in src\\components\\session\\modals\\PhotoGalleryModal.tsx","duration":0,"failureMessages":[]},{"ancestorTitles":["","UI Consistency: Semantic Color Check"],"fullName":" UI Consistency: Semantic Color Check should not have hardcoded colors in src\\components\\session\\modals\\ScreenshotModal.tsx","status":"failed","title":"should not have hardcoded colors in src\\components\\session\\modals\\ScreenshotModal.tsx","duration":1,"failureMessages":["Found 1 hardcoded color(s) in src\\components\\session\\modals\\ScreenshotModal.tsx:\nLine 447: className=\"flex-1 w-full h-full relative overflow-hidden bg-[radial-gradient(rgba(var(--c-surface-border)/0.5)_1px,transparent_1px)] [background-size:16px_16px] touch-none cursor-grab active:cursor-grabbing\" (Found: rgba(var(--c-surface-border)/0.5)): expected 1 to be +0 // Object.is equality"],"location":{"line":76,"column":52}},{"ancestorTitles":["","UI Consistency: Semantic Color Check"],"fullName":" UI Consistency: Semantic Color Check should not have hardcoded colors in src\\components\\session\\modals\\SessionBackgroundModal.tsx","status":"passed","title":"should not have hardcoded colors in src\\components\\session\\modals\\SessionBackgroundModal.tsx","duration":0,"failureMessages":[]},{"ancestorTitles":["","UI Consistency: Semantic Color Check"],"fullName":" UI Consistency: Semantic Color Check should not have hardcoded colors in src\\components\\session\\modals\\SessionExitModal.tsx","status":"passed","title":"should not have hardcoded colors in src\\components\\session\\modals\\SessionExitModal.tsx","duration":0,"failureMessages":[]},{"ancestorTitles":["","UI Consistency: Semantic Color Check"],"fullName":" UI Consistency: Semantic Color Check should not have hardcoded colors in src\\components\\session\\modals\\ShareMenu.tsx","status":"passed","title":"should not have hardcoded colors in src\\components\\session\\modals\\ShareMenu.tsx","duration":0,"failureMessages":[]},{"ancestorTitles":["","UI Consistency: Semantic Color Check"],"fullName":" UI Consistency: Semantic Color Check should not have hardcoded colors in src\\components\\session\\parts\\AutoScorePanel.tsx","status":"passed","title":"should not have hardcoded colors in src\\components\\session\\parts\\AutoScorePanel.tsx","duration":0,"failureMessages":[]},{"ancestorTitles":["","UI Consistency: Semantic Color Check"],"fullName":" UI Consistency: Semantic Color Check should not have hardcoded colors in src\\components\\session\\parts\\GridFooter.tsx","status":"passed","title":"should not have hardcoded colors in src\\components\\session\\parts\\GridFooter.tsx","duration":0,"failureMessages":[]},{"ancestorTitles":["","UI Consistency: Semantic Color Check"],"fullName":" UI Consistency: Semantic Color Check should not have hardcoded colors in src\\components\\session\\parts\\InputPanel.tsx","status":"failed","title":"should not have hardcoded colors in src\\components\\session\\parts\\InputPanel.tsx","duration":1,"failureMessages":["Found 2 hardcoded color(s) in src\\components\\session\\parts\\InputPanel.tsx:\nLine 95: <div className=\"w-px h-3 bg-[rgba(var(--c-white)/0.1)] shrink-0\" /> (Found: rgba(var(--c-white)/0.1))\nLine 904: className={`fixed left-0 right-0 z-50 bg-modal-bg backdrop-blur-sm border-t border-surface-border shadow-[0_-8px_30px_rgba(var(--c-black)/0.2)] transition-all duration-300 ease-in-out flex flex-col overflow-hidden ${isVisible ? 'translate-y-0' : 'translate-y-full'}`} (Found: rgba(var(--c-black)/0.2)): expected 2 to be +0 // Object.is equality"],"location":{"line":76,"column":52}},{"ancestorTitles":["","UI Consistency: Semantic Color Check"],"fullName":" UI Consistency: Semantic Color Check should not have hardcoded colors in src\\components\\session\\parts\\InputPanelLayout.tsx","status":"passed","title":"should not have hardcoded colors in src\\components\\session\\parts\\InputPanelLayout.tsx","duration":0,"failureMessages":[]},{"ancestorTitles":["","UI Consistency: Semantic Color Check"],"fullName":" UI Consistency: Semantic Color Check should not have hardcoded colors in src\\components\\session\\parts\\PhotoLightbox.tsx","status":"passed","title":"should not have hardcoded colors in src\\components\\session\\parts\\PhotoLightbox.tsx","duration":0,"failureMessages":[]},{"ancestorTitles":["","UI Consistency: Semantic Color Check"],"fullName":" UI Consistency: Semantic Color Check should not have hardcoded colors in src\\components\\session\\parts\\PlayerEditor.tsx","status":"passed","title":"should not have hardcoded colors in src\\components\\session\\parts\\PlayerEditor.tsx","duration":0,"failureMessages":[]},{"ancestorTitles":["","UI Consistency: Semantic Color Check"],"fullName":" UI Consistency: Semantic Color Check should not have hardcoded colors in src\\components\\session\\parts\\ScoreCell.tsx","status":"failed","title":"should not have hardcoded colors in src\\components\\session\\parts\\ScoreCell.tsx","duration":1,"failureMessages":["Found 2 hardcoded color(s) in src\\components\\session\\parts\\ScoreCell.tsx:\nLine 449: ? 'border-[rgb(var(--c-grid-active-ring))] bg-[rgba(var(--c-grid-active-ring)/0.2)] ring-1 ring-[rgb(var(--c-grid-active-ring))]' (Found: rgba(var(--c-grid-active-ring)/0.2))\nLine 450: : (!screenshotMode ? 'border-dashed border-[rgba(var(--c-txt-primary)/0.2)] hover:border-[rgba(var(--c-txt-primary)/0.5)] hover:bg-[rgba(var(--c-txt-primary)/0.05)]' : '') (Found: rgba(var(--c-txt-primary)/0.2), rgba(var(--c-txt-primary)/0.5), rgba(var(--c-txt-primary)/0.05)): expected 2 to be +0 // Object.is equality"],"location":{"line":76,"column":52}},{"ancestorTitles":["","UI Consistency: Semantic Color Check"],"fullName":" UI Consistency: Semantic Color Check should not have hardcoded colors in src\\components\\session\\parts\\ScoreGrid.tsx","status":"passed","title":"should not have hardcoded colors in src\\components\\session\\parts\\ScoreGrid.tsx","duration":0,"failureMessages":[]},{"ancestorTitles":["","UI Consistency: Semantic Color Check"],"fullName":" UI Consistency: Semantic Color Check should not have hardcoded colors in src\\components\\session\\parts\\ScoreInfoPanel.tsx","status":"passed","title":"should not have hardcoded colors in src\\components\\session\\parts\\ScoreInfoPanel.tsx","duration":0,"failureMessages":[]},{"ancestorTitles":["","UI Consistency: Semantic Color Check"],"fullName":" UI Consistency: Semantic Color Check should not have hardcoded colors in src\\components\\session\\parts\\ScoreOverlayGenerator.tsx","status":"passed","title":"should not have hardcoded colors in src\\components\\session\\parts\\ScoreOverlayGenerator.tsx","duration":0,"failureMessages":[]},{"ancestorTitles":["","UI Consistency: Semantic Color Check"],"fullName":" UI Consistency: Semantic Color Check should not have hardcoded colors in src\\components\\session\\parts\\ScreenshotView.tsx","status":"passed","title":"should not have hardcoded colors in src\\components\\session\\parts\\ScreenshotView.tsx","duration":0,"failureMessages":[]},{"ancestorTitles":["","UI Consistency: Semantic Color Check"],"fullName":" UI Consistency: Semantic Color Check should not have hardcoded colors in src\\components\\session\\parts\\SelectOptionInput.tsx","status":"passed","title":"should not have hardcoded colors in src\\components\\session\\parts\\SelectOptionInput.tsx","duration":0,"failureMessages":[]},{"ancestorTitles":["","UI Consistency: Semantic Color Check"],"fullName":" UI Consistency: Semantic Color Check should not have hardcoded colors in src\\components\\session\\parts\\SessionHeader.tsx","status":"passed","title":"should not have hardcoded colors in src\\components\\session\\parts\\SessionHeader.tsx","duration":1,"failureMessages":[]},{"ancestorTitles":["","UI Consistency: Semantic Color Check"],"fullName":" UI Consistency: Semantic Color Check should not have hardcoded colors in src\\components\\session\\parts\\SimpleScorepadPromo.tsx","status":"passed","title":"should not have hardcoded colors in src\\components\\session\\parts\\SimpleScorepadPromo.tsx","duration":0,"failureMessages":[]},{"ancestorTitles":["","UI Consistency: Semantic Color Check"],"fullName":" UI Consistency: Semantic Color Check should not have hardcoded colors in src\\components\\session\\parts\\SmartSpacer.tsx","status":"passed","title":"should not have hardcoded colors in src\\components\\session\\parts\\SmartSpacer.tsx","duration":0,"failureMessages":[]},{"ancestorTitles":["","UI Consistency: Semantic Color Check"],"fullName":" UI Consistency: Semantic Color Check should not have hardcoded colors in src\\components\\session\\parts\\SmartTextureLayer.tsx","status":"passed","title":"should not have hardcoded colors in src\\components\\session\\parts\\SmartTextureLayer.tsx","duration":0,"failureMessages":[]},{"ancestorTitles":["","UI Consistency: Semantic Color Check"],"fullName":" UI Consistency: Semantic Color Check should not have hardcoded colors in src\\components\\session\\parts\\StickerElement.tsx","status":"passed","title":"should not have hardcoded colors in src\\components\\session\\parts\\StickerElement.tsx","duration":0,"failureMessages":[]},{"ancestorTitles":["","UI Consistency: Semantic Color Check"],"fullName":" UI Consistency: Semantic Color Check should not have hardcoded colors in src\\components\\session\\parts\\TexturedBlock.tsx","status":"passed","title":"should not have hardcoded colors in src\\components\\session\\parts\\TexturedBlock.tsx","duration":0,"failureMessages":[]},{"ancestorTitles":["","UI Consistency: Semantic Color Check"],"fullName":" UI Consistency: Semantic Color Check should not have hardcoded colors in src\\components\\session\\parts\\TexturedPlayerHeader.tsx","status":"failed","title":"should not have hardcoded colors in src\\components\\session\\parts\\TexturedPlayerHeader.tsx","duration":0,"failureMessages":["Found 2 hardcoded color(s) in src\\components\\session\\parts\\TexturedPlayerHeader.tsx:\nLine 118: <MeepleIcon className=\"w-5 h-5 drop-shadow-[0_2px_2px_rgba(var(--c-black)/0.5)]\" /> (Found: rgba(var(--c-black)/0.5))\nLine 123: {bgUrl && <div className=\"absolute inset-0 shadow-[inset_0_0_10px_rgba(var(--c-black)/0.05)] pointer-events-none z-0\" />} (Found: rgba(var(--c-black)/0.05)): expected 2 to be +0 // Object.is equality"],"location":{"line":76,"column":52}},{"ancestorTitles":["","UI Consistency: Semantic Color Check"],"fullName":" UI Consistency: Semantic Color Check should not have hardcoded colors in src\\components\\session\\parts\\TexturedScoreCell.tsx","status":"failed","title":"should not have hardcoded colors in src\\components\\session\\parts\\TexturedScoreCell.tsx","duration":1,"failureMessages":["Found 4 hardcoded color(s) in src\\components\\session\\parts\\TexturedScoreCell.tsx:\nLine 93: color: 'rgba(var(--c-slate-600)/0.9)', (Found: rgba(var(--c-slate-600)/0.9))\nLine 213: {!skipTextureRendering && <div className=\"absolute inset-0 shadow-[inset_0_0_10px_rgba(var(--c-black)/0.05)] pointer-events-none z-10\" />} (Found: rgba(var(--c-black)/0.05))\nLine 293: color: opt.color || column.color || 'rgba(var(--c-slate-600)/0.9)', (Found: rgba(var(--c-slate-600)/0.9))\nLine 370: {!skipTextureRendering && <div className=\"absolute inset-0 shadow-[inset_0_0_10px_rgba(var(--c-black)/0.05)] pointer-events-none z-10\" />} (Found: rgba(var(--c-black)/0.05)): expected 4 to be +0 // Object.is equality"],"location":{"line":76,"column":52}},{"ancestorTitles":["","UI Consistency: Semantic Color Check"],"fullName":" UI Consistency: Semantic Color Check should not have hardcoded colors in src\\components\\session\\parts\\TexturedScreenshotView.tsx","status":"passed","title":"should not have hardcoded colors in src\\components\\session\\parts\\TexturedScreenshotView.tsx","duration":0,"failureMessages":[]},{"ancestorTitles":["","UI Consistency: Semantic Color Check"],"fullName":" UI Consistency: Semantic Color Check should not have hardcoded colors in src\\components\\session\\parts\\TexturedTotalCell.tsx","status":"passed","title":"should not have hardcoded colors in src\\components\\session\\parts\\TexturedTotalCell.tsx","duration":0,"failureMessages":[]},{"ancestorTitles":["","UI Consistency: Semantic Color Check"],"fullName":" UI Consistency: Semantic Color Check should not have hardcoded colors in src\\components\\session\\parts\\TotalsBar.tsx","status":"passed","title":"should not have hardcoded colors in src\\components\\session\\parts\\TotalsBar.tsx","duration":0,"failureMessages":[]},{"ancestorTitles":["","UI Consistency: Semantic Color Check"],"fullName":" UI Consistency: Semantic Color Check should not have hardcoded colors in src\\components\\session\\SessionImageFlow.tsx","status":"passed","title":"should not have hardcoded colors in src\\components\\session\\SessionImageFlow.tsx","duration":0,"failureMessages":[]},{"ancestorTitles":["","UI Consistency: Semantic Color Check"],"fullName":" UI Consistency: Semantic Color Check should not have hardcoded colors in src\\components\\session\\SessionUI.test.tsx","status":"passed","title":"should not have hardcoded colors in src\\components\\session\\SessionUI.test.tsx","duration":0,"failureMessages":[]},{"ancestorTitles":["","UI Consistency: Semantic Color Check"],"fullName":" UI Consistency: Semantic Color Check should not have hardcoded colors in src\\components\\session\\SessionView.tsx","status":"passed","title":"should not have hardcoded colors in src\\components\\session\\SessionView.tsx","duration":0,"failureMessages":[]},{"ancestorTitles":["","UI Consistency: Semantic Color Check"],"fullName":" UI Consistency: Semantic Color Check should not have hardcoded colors in src\\components\\shared\\column-editor\\EditorTabAuto.tsx","status":"passed","title":"should not have hardcoded colors in src\\components\\shared\\column-editor\\EditorTabAuto.tsx","duration":1,"failureMessages":[]},{"ancestorTitles":["","UI Consistency: Semantic Color Check"],"fullName":" UI Consistency: Semantic Color Check should not have hardcoded colors in src\\components\\shared\\column-editor\\EditorTabBasic.tsx","status":"passed","title":"should not have hardcoded colors in src\\components\\shared\\column-editor\\EditorTabBasic.tsx","duration":0,"failureMessages":[]},{"ancestorTitles":["","UI Consistency: Semantic Color Check"],"fullName":" UI Consistency: Semantic Color Check should not have hardcoded colors in src\\components\\shared\\column-editor\\EditorTabMapping.tsx","status":"passed","title":"should not have hardcoded colors in src\\components\\shared\\column-editor\\EditorTabMapping.tsx","duration":0,"failureMessages":[]},{"ancestorTitles":["","UI Consistency: Semantic Color Check"],"fullName":" UI Consistency: Semantic Color Check should not have hardcoded colors in src\\components\\shared\\column-editor\\EditorTabSelection.tsx","status":"passed","title":"should not have hardcoded colors in src\\components\\shared\\column-editor\\EditorTabSelection.tsx","duration":0,"failureMessages":[]},{"ancestorTitles":["","UI Consistency: Semantic Color Check"],"fullName":" UI Consistency: Semantic Color Check should not have hardcoded colors in src\\components\\shared\\column-editor\\QuickActionsEditor.tsx","status":"passed","title":"should not have hardcoded colors in src\\components\\shared\\column-editor\\QuickActionsEditor.tsx","duration":0,"failureMessages":[]},{"ancestorTitles":["","UI Consistency: Semantic Color Check"],"fullName":" UI Consistency: Semantic Color Check should not have hardcoded colors in src\\components\\shared\\ColumnConfigEditor.tsx","status":"passed","title":"should not have hardcoded colors in src\\components\\shared\\ColumnConfigEditor.tsx","duration":0,"failureMessages":[]},{"ancestorTitles":["","UI Consistency: Semantic Color Check"],"fullName":" UI Consistency: Semantic Color Check should not have hardcoded colors in src\\components\\shared\\ConfirmationModal.tsx","status":"passed","title":"should not have hardcoded colors in src\\components\\shared\\ConfirmationModal.tsx","duration":1,"failureMessages":[]},{"ancestorTitles":["","UI Consistency: Semantic Color Check"],"fullName":" UI Consistency: Semantic Color Check should not have hardcoded colors in src\\components\\shared\\ContrastText.tsx","status":"passed","title":"should not have hardcoded colors in src\\components\\shared\\ContrastText.tsx","duration":0,"failureMessages":[]},{"ancestorTitles":["","UI Consistency: Semantic Color Check"],"fullName":" UI Consistency: Semantic Color Check should not have hardcoded colors in src\\components\\shared\\ErrorBoundary.tsx","status":"passed","title":"should not have hardcoded colors in src\\components\\shared\\ErrorBoundary.tsx","duration":0,"failureMessages":[]},{"ancestorTitles":["","UI Consistency: Semantic Color Check"],"fullName":" UI Consistency: Semantic Color Check should not have hardcoded colors in src\\components\\shared\\GameSettingsEditor.tsx","status":"passed","title":"should not have hardcoded colors in src\\components\\shared\\GameSettingsEditor.tsx","duration":0,"failureMessages":[]},{"ancestorTitles":["","UI Consistency: Semantic Color Check"],"fullName":" UI Consistency: Semantic Color Check should not have hardcoded colors in src\\components\\shared\\LayoutEditor.tsx","status":"failed","title":"should not have hardcoded colors in src\\components\\shared\\LayoutEditor.tsx","duration":0,"failureMessages":["Found 3 hardcoded color(s) in src\\components\\shared\\LayoutEditor.tsx:\nLine 226: style={{ backgroundImage: 'linear-gradient(rgba(var(--c-black)/0.5) 1px, transparent 1px), linear-gradient(90deg, rgba(var(--c-black)/0.5) 1px, transparent 1px)', backgroundSize: '20px 20px' }}> (Found: rgba(var(--c-black)/0.5), rgba(var(--c-black)/0.5))\nLine 235: className=\"absolute bg-brand-primary/20 border-2 border-brand-primary-deep flex items-center justify-center shadow-[0_0_10px_rgba(var(--c-brand-primary)/0.5)] z-20\" (Found: rgba(var(--c-brand-primary)/0.5))\nLine 248: textShadow: '0 1px 2px rgba(var(--c-black) / 0.8)' (Found: rgba(var(--c-black) / 0.8)): expected 3 to be +0 // Object.is equality"],"location":{"line":76,"column":52}},{"ancestorTitles":["","UI Consistency: Semantic Color Check"],"fullName":" UI Consistency: Semantic Color Check should not have hardcoded colors in src\\components\\shared\\NumericKeypad.tsx","status":"passed","title":"should not have hardcoded colors in src\\components\\shared\\NumericKeypad.tsx","duration":0,"failureMessages":[]},{"ancestorTitles":["","UI Consistency: Semantic Color Check"],"fullName":" UI Consistency: Semantic Color Check should not have hardcoded colors in src\\components\\shared\\QuickButtonPad.tsx","status":"failed","title":"should not have hardcoded colors in src\\components\\shared\\QuickButtonPad.tsx","duration":1,"failureMessages":["Found 5 hardcoded color(s) in src\\components\\shared\\QuickButtonPad.tsx:\nLine 47: <div className=\"absolute inset-0 bg-[rgba(var(--c-black)/0.05)] dark:bg-[rgba(var(--c-black)/0.15)] pointer-events-none z-0\"></div> (Found: rgba(var(--c-black)/0.05), rgba(var(--c-black)/0.15))\nLine 64: ? `border-dashed border-2 ${isLightBg ? 'border-[rgba(var(--c-black)/0.4)]' : 'border-[rgba(var(--c-white)/0.5)]'}` (Found: rgba(var(--c-black)/0.4), rgba(var(--c-white)/0.5))\nLine 65: : 'border border-[rgba(var(--c-black)/0.1)]'; (Found: rgba(var(--c-black)/0.1))\nLine 69: ? (isLightBg ? 'bg-[rgba(var(--c-black)/0.3)]' : 'bg-[rgba(var(--c-white)/0.3)]') (Found: rgba(var(--c-black)/0.3), rgba(var(--c-white)/0.3))\nLine 70: : 'bg-[rgba(var(--c-black)/0.2)]'; (Found: rgba(var(--c-black)/0.2)): expected 5 to be +0 // Object.is equality"],"location":{"line":76,"column":52}},{"ancestorTitles":["","UI Consistency: Semantic Color Check"],"fullName":" UI Consistency: Semantic Color Check should not have hardcoded colors in src\\components\\shared\\Toast.tsx","status":"passed","title":"should not have hardcoded colors in src\\components\\shared\\Toast.tsx","duration":0,"failureMessages":[]},{"ancestorTitles":["","UI Consistency: Semantic Color Check"],"fullName":" UI Consistency: Semantic Color Check should not have hardcoded colors in src\\components\\shared\\ToastContainer.tsx","status":"passed","title":"should not have hardcoded colors in src\\components\\shared\\ToastContainer.tsx","duration":0,"failureMessages":[]},{"ancestorTitles":["","UI Consistency: Semantic Color Check"],"fullName":" UI Consistency: Semantic Color Check should not have hardcoded colors in src\\components\\tools\\CountdownTool.tsx","status":"passed","title":"should not have hardcoded colors in src\\components\\tools\\CountdownTool.tsx","duration":0,"failureMessages":[]},{"ancestorTitles":["","UI Consistency: Semantic Color Check"],"fullName":" UI Consistency: Semantic Color Check should not have hardcoded colors in src\\components\\tools\\MediaTool.tsx","status":"passed","title":"should not have hardcoded colors in src\\components\\tools\\MediaTool.tsx","duration":0,"failureMessages":[]},{"ancestorTitles":["","UI Consistency: Semantic Color Check"],"fullName":" UI Consistency: Semantic Color Check should not have hardcoded colors in src\\components\\tools\\MemoTool.tsx","status":"passed","title":"should not have hardcoded colors in src\\components\\tools\\MemoTool.tsx","duration":0,"failureMessages":[]},{"ancestorTitles":["","UI Consistency: Semantic Color Check"],"fullName":" UI Consistency: Semantic Color Check should not have hardcoded colors in src\\components\\tools\\OrderTool.tsx","status":"passed","title":"should not have hardcoded colors in src\\components\\tools\\OrderTool.tsx","duration":0,"failureMessages":[]},{"ancestorTitles":["","UI Consistency: Semantic Color Check"],"fullName":" UI Consistency: Semantic Color Check should not have hardcoded colors in src\\components\\tools\\RandomizerTool.tsx","status":"passed","title":"should not have hardcoded colors in src\\components\\tools\\RandomizerTool.tsx","duration":0,"failureMessages":[]},{"ancestorTitles":["","UI Consistency: Semantic Color Check"],"fullName":" UI Consistency: Semantic Color Check should not have hardcoded colors in src\\features\\ai-generator\\components\\AiPromptModal.tsx","status":"passed","title":"should not have hardcoded colors in src\\features\\ai-generator\\components\\AiPromptModal.tsx","duration":0,"failureMessages":[]},{"ancestorTitles":["","UI Consistency: Semantic Color Check"],"fullName":" UI Consistency: Semantic Color Check should not have hardcoded colors in src\\features\\bgg\\components\\BggImportModal.tsx","status":"passed","title":"should not have hardcoded colors in src\\features\\bgg\\components\\BggImportModal.tsx","duration":1,"failureMessages":[]},{"ancestorTitles":["","UI Consistency: Semantic Color Check"],"fullName":" UI Consistency: Semantic Color Check should not have hardcoded colors in src\\features\\bgstats\\components\\BgStatsModal.tsx","status":"passed","title":"should not have hardcoded colors in src\\features\\bgstats\\components\\BgStatsModal.tsx","duration":0,"failureMessages":[]},{"ancestorTitles":["","UI Consistency: Semantic Color Check"],"fullName":" UI Consistency: Semantic Color Check should not have hardcoded colors in src\\features\\bgstats\\components\\ImportStagingView.tsx","status":"passed","title":"should not have hardcoded colors in src\\features\\bgstats\\components\\ImportStagingView.tsx","duration":0,"failureMessages":[]},{"ancestorTitles":["","UI Consistency: Semantic Color Check"],"fullName":" UI Consistency: Semantic Color Check should not have hardcoded colors in src\\features\\bgstats\\components\\LinkerList.tsx","status":"passed","title":"should not have hardcoded colors in src\\features\\bgstats\\components\\LinkerList.tsx","duration":0,"failureMessages":[]},{"ancestorTitles":["","UI Consistency: Semantic Color Check"],"fullName":" UI Consistency: Semantic Color Check should not have hardcoded colors in src\\features\\game-selector\\components\\AdvancedFilterChimney.tsx","status":"passed","title":"should not have hardcoded colors in src\\features\\game-selector\\components\\AdvancedFilterChimney.tsx","duration":0,"failureMessages":[]},{"ancestorTitles":["","UI Consistency: Semantic Color Check"],"fullName":" UI Consistency: Semantic Color Check should not have hardcoded colors in src\\features\\game-selector\\components\\GameLaunchActions.tsx","status":"passed","title":"should not have hardcoded colors in src\\features\\game-selector\\components\\GameLaunchActions.tsx","duration":0,"failureMessages":[]},{"ancestorTitles":["","UI Consistency: Semantic Color Check"],"fullName":" UI Consistency: Semantic Color Check should not have hardcoded colors in src\\features\\game-selector\\components\\GameLaunchDashboard.tsx","status":"failed","title":"should not have hardcoded colors in src\\features\\game-selector\\components\\GameLaunchDashboard.tsx","duration":0,"failureMessages":["Found 3 hardcoded color(s) in src\\features\\game-selector\\components\\GameLaunchDashboard.tsx:\nLine 119: ${isLocationManual ? 'border-brand-primary shadow-[0_0_8px_rgba(var(--c-brand-primary),0.15)]' : 'border-surface-border'} (Found: rgba(var(--c-brand-primary),0.15))\nLine 146: : (isLocationManual ? 'border-brand-primary text-txt-primary shadow-[0_0_8px_rgba(var(--c-brand-primary),0.15)]' : 'border-surface-border hover:border-txt-secondary text-txt-primary') (Found: rgba(var(--c-brand-primary),0.15))\nLine 173: className={`flex items-center justify-between w-full bg-app-bg rounded-xl p-1.5 border relative overflow-hidden transition-all duration-300 ${isPlayerCountManual ? 'border-brand-primary shadow-[0_0_10px_rgba(var(--c-brand-primary),0.2)]' : 'border-surface-border'}`} (Found: rgba(var(--c-brand-primary),0.2)): expected 3 to be +0 // Object.is equality"],"location":{"line":76,"column":52}},{"ancestorTitles":["","UI Consistency: Semantic Color Check"],"fullName":" UI Consistency: Semantic Color Check should not have hardcoded colors in src\\features\\game-selector\\components\\GameListView.tsx","status":"passed","title":"should not have hardcoded colors in src\\features\\game-selector\\components\\GameListView.tsx","duration":1,"failureMessages":[]},{"ancestorTitles":["","UI Consistency: Semantic Color Check"],"fullName":" UI Consistency: Semantic Color Check should not have hardcoded colors in src\\features\\game-selector\\components\\GameOptionItem.tsx","status":"failed","title":"should not have hardcoded colors in src\\features\\game-selector\\components\\GameOptionItem.tsx","duration":0,"failureMessages":["Found 3 hardcoded color(s) in src\\features\\game-selector\\components\\GameOptionItem.tsx:\nLine 117: <span key=\"time\" className=\"inline-flex items-center bg-brand-primary/15 text-brand-primary border border-brand-primary/40 shadow-[0_0_6px_rgba(var(--c-brand-primary),0.2)] px-1 py-0.5 rounded text-[9px] leading-none shrink-0 font-medium transition-colors\"> (Found: rgba(var(--c-brand-primary),0.2))\nLine 138: <span key=\"smalltable\" className=\"inline-flex items-center bg-brand-primary/15 text-brand-primary border border-brand-primary/40 shadow-[0_0_6px_rgba(var(--c-brand-primary),0.2)] px-1.5 py-0.5 rounded text-[9px] leading-none shrink-0 font-bold mr-0.5\"> (Found: rgba(var(--c-brand-primary),0.2))\nLine 163: <span className={`inline-flex items-center px-1 py-0.5 rounded text-[9px] leading-none shrink-0 font-medium border transition-colors ${isComplexityHighlighted ? 'bg-brand-primary/15 text-brand-primary border-brand-primary/40 shadow-[0_0_6px_rgba(var(--c-brand-primary),0.2)]' : 'bg-surface-bg-alt/80 text-txt-secondary border-surface-border/30'}`}> (Found: rgba(var(--c-brand-primary),0.2)): expected 3 to be +0 // Object.is equality"],"location":{"line":76,"column":52}},{"ancestorTitles":["","UI Consistency: Semantic Color Check"],"fullName":" UI Consistency: Semantic Color Check should not have hardcoded colors in src\\features\\game-selector\\components\\StartGameOverlays.tsx","status":"passed","title":"should not have hardcoded colors in src\\features\\game-selector\\components\\StartGameOverlays.tsx","duration":0,"failureMessages":[]},{"ancestorTitles":["","UI Consistency: Semantic Color Check"],"fullName":" UI Consistency: Semantic Color Check should not have hardcoded colors in src\\features\\game-selector\\components\\StartGamePanel.tsx","status":"passed","title":"should not have hardcoded colors in src\\features\\game-selector\\components\\StartGamePanel.tsx","duration":0,"failureMessages":[]},{"ancestorTitles":["","UI Consistency: Semantic Color Check"],"fullName":" UI Consistency: Semantic Color Check should not have hardcoded colors in src\\hooks\\useConfirm.test.tsx","status":"passed","title":"should not have hardcoded colors in src\\hooks\\useConfirm.test.tsx","duration":0,"failureMessages":[]},{"ancestorTitles":["","UI Consistency: Semantic Color Check"],"fullName":" UI Consistency: Semantic Color Check should not have hardcoded colors in src\\hooks\\useConfirm.tsx","status":"passed","title":"should not have hardcoded colors in src\\hooks\\useConfirm.tsx","duration":0,"failureMessages":[]},{"ancestorTitles":["","UI Consistency: Semantic Color Check"],"fullName":" UI Consistency: Semantic Color Check should not have hardcoded colors in src\\hooks\\useToast.tsx","status":"passed","title":"should not have hardcoded colors in src\\hooks\\useToast.tsx","duration":0,"failureMessages":[]},{"ancestorTitles":["","UI Consistency: Semantic Color Check"],"fullName":" UI Consistency: Semantic Color Check should not have hardcoded colors in src\\i18n\\hooks.test.tsx","status":"passed","title":"should not have hardcoded colors in src\\i18n\\hooks.test.tsx","duration":0,"failureMessages":[]},{"ancestorTitles":["","UI Consistency: Semantic Color Check"],"fullName":" UI Consistency: Semantic Color Check should not have hardcoded colors in src\\i18n\\index.tsx","status":"passed","title":"should not have hardcoded colors in src\\i18n\\index.tsx","duration":0,"failureMessages":[]},{"ancestorTitles":["","UI Consistency: Semantic Color Check"],"fullName":" UI Consistency: Semantic Color Check should not have hardcoded colors in src\\i18n\\integration.test.tsx","status":"passed","title":"should not have hardcoded colors in src\\i18n\\integration.test.tsx","duration":1,"failureMessages":[]},{"ancestorTitles":["","UI Consistency: Semantic Color Check"],"fullName":" UI Consistency: Semantic Color Check should not have hardcoded colors in src\\i18n\\session.test.tsx","status":"passed","title":"should not have hardcoded colors in src\\i18n\\session.test.tsx","duration":0,"failureMessages":[]},{"ancestorTitles":["","UI Consistency: Semantic Color Check"],"fullName":" UI Consistency: Semantic Color Check should not have hardcoded colors in src\\i18n\\tools.test.tsx","status":"passed","title":"should not have hardcoded colors in src\\i18n\\tools.test.tsx","duration":0,"failureMessages":[]},{"ancestorTitles":["","UI Consistency: Semantic Color Check"],"fullName":" UI Consistency: Semantic Color Check should not have hardcoded colors in src\\utils\\scoreDisplay.tsx","status":"passed","title":"should not have hardcoded colors in src\\utils\\scoreDisplay.tsx","duration":0,"failureMessages":[]}],"startTime":1779474688760,"endTime":1779474688784,"status":"failed","message":"","name":"C:/board-game-score-pad/src/utils/ui-consistency.test.ts"}]}
